17-Oct-2020 23:04:38.567 INFO [main] org.apache.catalina.startup.VersionLoggerListener.log Server version name:   Apache Tomcat/9.0.36
17-Oct-2020 23:04:38.573 INFO [main] org.apache.catalina.startup.VersionLoggerListener.log Server built:          Jun 3 2020 17:07:09 UTC
17-Oct-2020 23:04:38.573 INFO [main] org.apache.catalina.startup.VersionLoggerListener.log Server version number: 9.0.36.0
17-Oct-2020 23:04:38.574 INFO [main] org.apache.catalina.startup.VersionLoggerListener.log OS Name:               Mac OS X
17-Oct-2020 23:04:38.574 INFO [main] org.apache.catalina.startup.VersionLoggerListener.log OS Version:            10.15.6
17-Oct-2020 23:04:38.574 INFO [main] org.apache.catalina.startup.VersionLoggerListener.log Architecture:          x86_64
17-Oct-2020 23:04:38.574 INFO [main] org.apache.catalina.startup.VersionLoggerListener.log Java Home:             /Library/Java/JavaVirtualMachines/adoptopenjdk-15.jdk/Contents/Home
17-Oct-2020 23:04:38.574 INFO [main] org.apache.catalina.startup.VersionLoggerListener.log JVM Version:           15+36
17-Oct-2020 23:04:38.574 INFO [main] org.apache.catalina.startup.VersionLoggerListener.log JVM Vendor:            AdoptOpenJDK
17-Oct-2020 23:04:38.575 INFO [main] org.apache.catalina.startup.VersionLoggerListener.log CATALINA_BASE:         /Users/macbookpro/Documents/java/1-eclipse-workspace/Servers/tomcat9.0_tmp
17-Oct-2020 23:04:38.575 INFO [main] org.apache.catalina.startup.VersionLoggerListener.log CATALINA_HOME:         /usr/local/apache-tomcat-9.0.36
17-Oct-2020 23:04:38.588 INFO [main] org.apache.catalina.startup.VersionLoggerListener.log Command line argument: -Dcatalina.base=/Users/macbookpro/Documents/java/1-eclipse-workspace/Servers/tomcat9.0_tmp
17-Oct-2020 23:04:38.589 INFO [main] org.apache.catalina.startup.VersionLoggerListener.log Command line argument: -Dcatalina.home=/usr/local/apache-tomcat-9.0.36
17-Oct-2020 23:04:38.589 INFO [main] org.apache.catalina.startup.VersionLoggerListener.log Command line argument: -Dwtp.deploy=/Users/macbookpro/Documents/java/1-eclipse-workspace/Servers/tomcat9.0_tmp/wtpwebapps
17-Oct-2020 23:04:38.589 INFO [main] org.apache.catalina.startup.VersionLoggerListener.log Command line argument: -Djava.util.logging.config.file=/Users/macbookpro/Documents/java/1-eclipse-workspace/Servers/tomcat9.0/logging.properties
17-Oct-2020 23:04:38.589 INFO [main] org.apache.catalina.startup.VersionLoggerListener.log Command line argument: -Djava.util.logging.manager=org.apache.juli.ClassLoaderLogManager
17-Oct-2020 23:04:38.589 INFO [main] org.apache.catalina.startup.VersionLoggerListener.log Command line argument: -Dfile.encoding=UTF-8
17-Oct-2020 23:04:38.589 INFO [main] org.apache.catalina.core.AprLifecycleListener.lifecycleEvent The Apache Tomcat Native library which allows using OpenSSL was not found on the java.library.path: [/Users/macbookpro/Library/Java/Extensions:/Library/Java/Extensions:/Network/Library/Java/Extensions:/System/Library/Java/Extensions:/usr/lib/java:.]
17-Oct-2020 23:04:39.024 INFO [main] org.apache.coyote.AbstractProtocol.init Initializing ProtocolHandler ["http-nio-8080"]
17-Oct-2020 23:04:39.100 INFO [main] org.apache.catalina.startup.Catalina.load Server initialization in [892] milliseconds
17-Oct-2020 23:04:39.159 INFO [main] org.apache.catalina.core.StandardService.startInternal Starting service [Catalina]
17-Oct-2020 23:04:39.160 INFO [main] org.apache.catalina.core.StandardEngine.startInternal Starting Servlet engine: [Apache Tomcat/9.0.36]
17-Oct-2020 23:04:40.414 INFO [main] org.apache.jasper.servlet.TldScanner.scanJars At least one JAR was scanned for TLDs yet contained no TLDs. Enable debug logging for this logger for a complete list of JARs that were scanned but no TLDs were found in them. Skipping unneeded JARs during scanning can improve startup time and JSP compilation time.
17-Oct-2020 23:04:40.427 INFO [main] org.apache.coyote.AbstractProtocol.start Starting ProtocolHandler ["http-nio-8080"]
17-Oct-2020 23:04:40.435 INFO [main] org.apache.catalina.startup.Catalina.start Server startup in [1,333] milliseconds
